<?xml version="1.0" encoding="UTF-8"?>
<testsuite xmlns:xsi="http://www.w3.org/2001/XMLSchema-instance" xsi:noNamespaceSchemaLocation="https://maven.apache.org/surefire/maven-surefire-plugin/xsd/surefire-test-report-3.0.xsd" version="3.0" name="fallah.group.moviesartifact.MoviesArtifactApplicationTests" time="3.979" tests="1" errors="0" skipped="0" failures="0">
  <properties>
[...]
</properties>
  <testcase name="contextLoads" classname="fallah.group.moviesartifact.MoviesArtifactApplicationTests" time="0.836">
    <system-out><![CDATA[13:01:57.346 [main] INFO org.springframework.test.context.support.AnnotationConfigContextLoaderUtils -- Could not detect default configuration classes for test class [fallah.group.moviesartifact.MoviesArtifactApplicationTests]: MoviesArtifactApplicationTests does not declare any static, non-private, non-final, nested classes annotated with @Configuration.
13:01:57.512 [main] INFO org.springframework.boot.test.context.SpringBootTestContextBootstrapper -- Found @SpringBootConfiguration fallah.group.moviesartifact.MoviesArtifactApplication for test class fallah.group.moviesartifact.MoviesArtifactApplicationTests
13:01:57.809 [main] INFO org.springframework.boot.devtools.restart.RestartApplicationListener -- Restart disabled due to context in which it is running

  .   ____          _            __ _ _
 /\\ / ___'_ __ _ _(_)_ __  __ _ \ \ \ \
( ( )\___ | '_ | '_| | '_ \/ _` | \ \ \ \
 \\/  ___)| |_)| | | | | || (_| |  ) ) ) )
  '  |____| .__|_| |_|_| |_\__, | / / / /
 =========|_|==============|___/=/_/_/_/
 :: Spring Boot ::                (v3.2.2)

2024-01-22T13:01:58.142-05:00  INFO 32617 --- [           main] f.g.m.MoviesArtifactApplicationTests     : Starting MoviesArtifactApplicationTests using Java 17.0.10 with PID 32617 (started by nasrin in /Users/nasrin/Desktop/Youtube-JavaSpring Projects/movies/java)
2024-01-22T13:01:58.144-05:00  INFO 32617 --- [           main] f.g.m.MoviesArtifactApplicationTests     : No active profile set, falling back to 1 default profile: "default"
2024-01-22T13:01:58.667-05:00  INFO 32617 --- [           main] .s.d.r.c.RepositoryConfigurationDelegate : Bootstrapping Spring Data MongoDB repositories in DEFAULT mode.
2024-01-22T13:01:58.715-05:00  INFO 32617 --- [           main] .s.d.r.c.RepositoryConfigurationDelegate : Finished Spring Data repository scanning in 44 ms. Found 2 MongoDB repository interfaces.
2024-01-22T13:01:59.147-05:00  INFO 32617 --- [kkg.mongodb.net] org.mongodb.driver.cluster               : Adding discovered server ac-fukvqbk-shard-00-00.vypjkkg.mongodb.net:27017 to client view of cluster
2024-01-22T13:01:59.152-05:00  INFO 32617 --- [           main] org.mongodb.driver.client                : MongoClient with metadata {"driver": {"name": "mongo-java-driver|sync|spring-boot", "version": "4.11.1"}, "os": {"type": "Darwin", "name": "Mac OS X", "architecture": "x86_64", "version": "13.6.3"}, "platform": "Java/Oracle Corporation/17.0.10+11-LTS-240"} created with settings MongoClientSettings{readPreference=primary, writeConcern=WriteConcern{w=null, wTimeout=null ms, journal=null}, retryWrites=true, retryReads=true, readConcern=ReadConcern{level=null}, credential=MongoCredential{mechanism=null, userName='fallah', source='admin', password=<hidden>, mechanismProperties=<hidden>}, transportSettings=null, streamFactoryFactory=null, commandListeners=[], codecRegistry=ProvidersCodecRegistry{codecProviders=[ValueCodecProvider{}, BsonValueCodecProvider{}, DBRefCodecProvider{}, DBObjectCodecProvider{}, DocumentCodecProvider{}, CollectionCodecProvider{}, IterableCodecProvider{}, MapCodecProvider{}, GeoJsonCodecProvider{}, GridFSFileCodecProvider{}, Jsr310CodecProvider{}, JsonObjectCodecProvider{}, BsonCodecProvider{}, EnumCodecProvider{}, com.mongodb.client.model.mql.ExpressionCodecProvider@609e57da, com.mongodb.Jep395RecordCodecProvider@56dd6efa, com.mongodb.KotlinCodecProvider@4d634127]}, loggerSettings=LoggerSettings{maxDocumentLength=1000}, clusterSettings={hosts=[127.0.0.1:27017], srvHost=cluster0.vypjkkg.mongodb.net, srvServiceName=mongodb, mode=MULTIPLE, requiredClusterType=REPLICA_SET, requiredReplicaSetName='atlas-4quzb2-shard-0', serverSelector='null', clusterListeners='[]', serverSelectionTimeout='30000 ms', localThreshold='15 ms'}, socketSettings=SocketSettings{connectTimeoutMS=10000, readTimeoutMS=0, receiveBufferSize=0, proxySettings=ProxySettings{host=null, port=null, username=null, password=null}}, heartbeatSocketSettings=SocketSettings{connectTimeoutMS=10000, readTimeoutMS=10000, receiveBufferSize=0, proxySettings=ProxySettings{host=null, port=null, username=null, password=null}}, connectionPoolSettings=ConnectionPoolSettings{maxSize=100, minSize=0, maxWaitTimeMS=120000, maxConnectionLifeTimeMS=0, maxConnectionIdleTimeMS=0, maintenanceInitialDelayMS=0, maintenanceFrequencyMS=60000, connectionPoolListeners=[], maxConnecting=2}, serverSettings=ServerSettings{heartbeatFrequencyMS=10000, minHeartbeatFrequencyMS=500, serverListeners='[]', serverMonitorListeners='[]'}, sslSettings=SslSettings{enabled=true, invalidHostNameAllowed=false, context=null}, applicationName='null', compressorList=[], uuidRepresentation=JAVA_LEGACY, serverApi=null, autoEncryptionSettings=null, dnsClient=null, inetAddressResolver=null, contextProvider=null}
2024-01-22T13:01:59.176-05:00  INFO 32617 --- [kkg.mongodb.net] org.mongodb.driver.cluster               : Adding discovered server ac-fukvqbk-shard-00-01.vypjkkg.mongodb.net:27017 to client view of cluster
2024-01-22T13:01:59.179-05:00  INFO 32617 --- [kkg.mongodb.net] org.mongodb.driver.cluster               : Adding discovered server ac-fukvqbk-shard-00-02.vypjkkg.mongodb.net:27017 to client view of cluster
2024-01-22T13:01:59.741-05:00  INFO 32617 --- [ngodb.net:27017] org.mongodb.driver.cluster               : Monitor thread successfully connected to server with description ServerDescription{address=ac-fukvqbk-shard-00-00.vypjkkg.mongodb.net:27017, type=REPLICA_SET_SECONDARY, state=CONNECTED, ok=true, minWireVersion=0, maxWireVersion=17, maxDocumentSize=16777216, logicalSessionTimeoutMinutes=30, roundTripTimeNanos=329187909, setName='atlas-4quzb2-shard-0', canonicalAddress=ac-fukvqbk-shard-00-00.vypjkkg.mongodb.net:27017, hosts=[ac-fukvqbk-shard-00-01.vypjkkg.mongodb.net:27017, ac-fukvqbk-shard-00-02.vypjkkg.mongodb.net:27017, ac-fukvqbk-shard-00-00.vypjkkg.mongodb.net:27017], passives=[], arbiters=[], primary='ac-fukvqbk-shard-00-01.vypjkkg.mongodb.net:27017', tagSet=TagSet{[Tag{name='availabilityZone', value='use1-az2'}, Tag{name='diskState', value='READY'}, Tag{name='nodeType', value='ELECTABLE'}, Tag{name='provider', value='AWS'}, Tag{name='region', value='US_EAST_1'}, Tag{name='workloadType', value='OPERATIONAL'}]}, electionId=null, setVersion=13, topologyVersion=TopologyVersion{processId=65a84b0e86d3d4defe85de9a, counter=4}, lastWriteDate=Mon Jan 22 13:02:07 EST 2024, lastUpdateTimeNanos=186563247523432}
2024-01-22T13:01:59.741-05:00  INFO 32617 --- [ngodb.net:27017] org.mongodb.driver.cluster               : Monitor thread successfully connected to server with description ServerDescription{address=ac-fukvqbk-shard-00-01.vypjkkg.mongodb.net:27017, type=REPLICA_SET_PRIMARY, state=CONNECTED, ok=true, minWireVersion=0, maxWireVersion=17, maxDocumentSize=16777216, logicalSessionTimeoutMinutes=30, roundTripTimeNanos=328406983, setName='atlas-4quzb2-shard-0', canonicalAddress=ac-fukvqbk-shard-00-01.vypjkkg.mongodb.net:27017, hosts=[ac-fukvqbk-shard-00-01.vypjkkg.mongodb.net:27017, ac-fukvqbk-shard-00-02.vypjkkg.mongodb.net:27017, ac-fukvqbk-shard-00-00.vypjkkg.mongodb.net:27017], passives=[], arbiters=[], primary='ac-fukvqbk-shard-00-01.vypjkkg.mongodb.net:27017', tagSet=TagSet{[Tag{name='availabilityZone', value='use1-az4'}, Tag{name='diskState', value='READY'}, Tag{name='nodeType', value='ELECTABLE'}, Tag{name='provider', value='AWS'}, Tag{name='region', value='US_EAST_1'}, Tag{name='workloadType', value='OPERATIONAL'}]}, electionId=7fffffff00000000000000fc, setVersion=13, topologyVersion=TopologyVersion{processId=65a84d5b53fe87d4a15443bc, counter=6}, lastWriteDate=Mon Jan 22 13:02:07 EST 2024, lastUpdateTimeNanos=186563247508358}
2024-01-22T13:01:59.741-05:00  INFO 32617 --- [ngodb.net:27017] org.mongodb.driver.cluster               : Monitor thread successfully connected to server with description ServerDescription{address=ac-fukvqbk-shard-00-02.vypjkkg.mongodb.net:27017, type=REPLICA_SET_SECONDARY, state=CONNECTED, ok=true, minWireVersion=0, maxWireVersion=17, maxDocumentSize=16777216, logicalSessionTimeoutMinutes=30, roundTripTimeNanos=327337567, setName='atlas-4quzb2-shard-0', canonicalAddress=ac-fukvqbk-shard-00-02.vypjkkg.mongodb.net:27017, hosts=[ac-fukvqbk-shard-00-01.vypjkkg.mongodb.net:27017, ac-fukvqbk-shard-00-02.vypjkkg.mongodb.net:27017, ac-fukvqbk-shard-00-00.vypjkkg.mongodb.net:27017], passives=[], arbiters=[], primary='ac-fukvqbk-shard-00-01.vypjkkg.mongodb.net:27017', tagSet=TagSet{[Tag{name='availabilityZone', value='use1-az6'}, Tag{name='diskState', value='READY'}, Tag{name='nodeType', value='ELECTABLE'}, Tag{name='provider', value='AWS'}, Tag{name='region', value='US_EAST_1'}, Tag{name='workloadType', value='OPERATIONAL'}]}, electionId=null, setVersion=13, topologyVersion=TopologyVersion{processId=65a85156215a0520c2a05913, counter=3}, lastWriteDate=Mon Jan 22 13:02:07 EST 2024, lastUpdateTimeNanos=186563247633007}
2024-01-22T13:01:59.747-05:00  INFO 32617 --- [ngodb.net:27017] org.mongodb.driver.cluster               : Discovered replica set primary ac-fukvqbk-shard-00-01.vypjkkg.mongodb.net:27017 with max election id 7fffffff00000000000000fc and max set version 13
2024-01-22T13:02:00.182-05:00  INFO 32617 --- [           main] f.g.m.MoviesArtifactApplicationTests     : Started MoviesArtifactApplicationTests in 2.44 seconds (process running for 3.833)
]]></system-out>
  </testcase>
</testsuite>